2019-12-06T13:42:02.020Z  error: uncaughtException: require(...) is not a function
TypeError: require(...) is not a function
    at fs.readdirSync.forEach.file (/Users/smaksimenko/express/web_api/index.js:10:55)
    at Array.forEach (<anonymous>)
    at Object.<anonymous> (/Users/smaksimenko/express/web_api/index.js:10:4)
    at Module._compile (module.js:652:30)
    at Object.Module._extensions..js (module.js:663:10)
    at Module.load (module.js:565:32)
    at tryModuleLoad (module.js:505:12)
    at Function.Module._load (module.js:497:3)
    at Module.require (module.js:596:17)
    at require (internal/module.js:11:18)
    at Object.<anonymous> (/Users/smaksimenko/express/app.js:17:16)
    at Module._compile (module.js:652:30)
    at Object.Module._extensions..js (module.js:663:10)
    at Module.load (module.js:565:32)
    at tryModuleLoad (module.js:505:12)
    at Function.Module._load (module.js:497:3)
    at Module.require (module.js:596:17)
    at require (internal/module.js:11:18)
    at Object.<anonymous> (/Users/smaksimenko/express/server.js:1:75)
    at Module._compile (module.js:652:30)
    at Object.Module._extensions..js (module.js:663:10)
    at Module.load (module.js:565:32)
2019-12-06T13:43:22.604Z  error: uncaughtException: m is not defined
ReferenceError: m is not defined
    at Object.<anonymous> (/Users/smaksimenko/express/web_api/routs/user.js:1:63)
    at Module._compile (module.js:652:30)
    at Object.Module._extensions..js (module.js:663:10)
    at Module.load (module.js:565:32)
    at tryModuleLoad (module.js:505:12)
    at Function.Module._load (module.js:497:3)
    at Module.require (module.js:596:17)
    at require (internal/module.js:11:18)
    at fs.readdirSync.forEach.file (/Users/smaksimenko/express/web_api/index.js:10:20)
    at Array.forEach (<anonymous>)
    at Object.<anonymous> (/Users/smaksimenko/express/web_api/index.js:10:4)
    at Module._compile (module.js:652:30)
    at Object.Module._extensions..js (module.js:663:10)
    at Module.load (module.js:565:32)
    at tryModuleLoad (module.js:505:12)
    at Function.Module._load (module.js:497:3)
    at Module.require (module.js:596:17)
    at require (internal/module.js:11:18)
    at Object.<anonymous> (/Users/smaksimenko/express/app.js:17:16)
    at Module._compile (module.js:652:30)
    at Object.Module._extensions..js (module.js:663:10)
    at Module.load (module.js:565:32)
