2019-12-11T08:47:06.061Z  error: uncaughtException: Cannot read property 'user' of undefined
TypeError: Cannot read property 'user' of undefined
    at isAdmin (/Users/smaksimenko/express/web_api/routs/user.js:6:11)
    at module.exports.router (/Users/smaksimenko/express/web_api/routs/user.js:26:64)
    at fs.readdirSync.forEach.file (/Users/smaksimenko/express/web_api/index.js:10:55)
    at Array.forEach (<anonymous>)
    at Object.<anonymous> (/Users/smaksimenko/express/web_api/index.js:10:4)
    at Module._compile (module.js:652:30)
    at Object.Module._extensions..js (module.js:663:10)
    at Module.load (module.js:565:32)
    at tryModuleLoad (module.js:505:12)
    at Function.Module._load (module.js:497:3)
    at Module.require (module.js:596:17)
    at require (internal/module.js:11:18)
    at Object.<anonymous> (/Users/smaksimenko/express/app.js:17:16)
    at Module._compile (module.js:652:30)
    at Object.Module._extensions..js (module.js:663:10)
    at Module.load (module.js:565:32)
    at tryModuleLoad (module.js:505:12)
    at Function.Module._load (module.js:497:3)
    at Module.require (module.js:596:17)
    at require (internal/module.js:11:18)
    at Object.<anonymous> (/Users/smaksimenko/express/server.js:1:75)
    at Module._compile (module.js:652:30)
2019-12-11T08:52:52.581Z  error: uncaughtException: Cannot read property 'user' of undefined
TypeError: Cannot read property 'user' of undefined
    at isAdmin (/Users/smaksimenko/express/web_api/routs/user.js:6:13)
    at module.exports.router (/Users/smaksimenko/express/web_api/routs/user.js:16:55)
    at fs.readdirSync.forEach.file (/Users/smaksimenko/express/web_api/index.js:10:55)
    at Array.forEach (<anonymous>)
    at Object.<anonymous> (/Users/smaksimenko/express/web_api/index.js:10:4)
    at Module._compile (module.js:652:30)
    at Object.Module._extensions..js (module.js:663:10)
    at Module.load (module.js:565:32)
    at tryModuleLoad (module.js:505:12)
    at Function.Module._load (module.js:497:3)
    at Module.require (module.js:596:17)
    at require (internal/module.js:11:18)
    at Object.<anonymous> (/Users/smaksimenko/express/app.js:17:16)
    at Module._compile (module.js:652:30)
    at Object.Module._extensions..js (module.js:663:10)
    at Module.load (module.js:565:32)
    at tryModuleLoad (module.js:505:12)
    at Function.Module._load (module.js:497:3)
    at Module.require (module.js:596:17)
    at require (internal/module.js:11:18)
    at Object.<anonymous> (/Users/smaksimenko/express/server.js:1:75)
    at Module._compile (module.js:652:30)
2019-12-11T08:53:14.939Z  error: uncaughtException: Cannot read property 'user' of undefined
TypeError: Cannot read property 'user' of undefined
    at isAdmin (/Users/smaksimenko/express/web_api/routs/user.js:6:13)
    at module.exports.router (/Users/smaksimenko/express/web_api/routs/user.js:17:55)
    at fs.readdirSync.forEach.file (/Users/smaksimenko/express/web_api/index.js:10:55)
    at Array.forEach (<anonymous>)
    at Object.<anonymous> (/Users/smaksimenko/express/web_api/index.js:10:4)
    at Module._compile (module.js:652:30)
    at Object.Module._extensions..js (module.js:663:10)
    at Module.load (module.js:565:32)
    at tryModuleLoad (module.js:505:12)
    at Function.Module._load (module.js:497:3)
    at Module.require (module.js:596:17)
    at require (internal/module.js:11:18)
    at Object.<anonymous> (/Users/smaksimenko/express/app.js:17:16)
    at Module._compile (module.js:652:30)
    at Object.Module._extensions..js (module.js:663:10)
    at Module.load (module.js:565:32)
    at tryModuleLoad (module.js:505:12)
    at Function.Module._load (module.js:497:3)
    at Module.require (module.js:596:17)
    at require (internal/module.js:11:18)
    at Object.<anonymous> (/Users/smaksimenko/express/server.js:1:75)
    at Module._compile (module.js:652:30)
