2019-12-10T14:17:00.392Z  info: Setting log level to ( debug )
2019-12-10T14:17:00.394Z  info: NODE_ENV is development
2019-12-10T14:17:00.397Z  warn: Server is now running at http://localhost:3300.
2019-12-10T14:17:07.081Z  info: POST /api/login 200 114.659 ms - 109

2019-12-10T14:34:08.729Z  info: PUT /api/user 200 1.801 ms - 11

2019-12-10T14:37:04.766Z  info: Setting log level to ( debug )
2019-12-10T14:37:04.768Z  info: NODE_ENV is development
2019-12-10T14:37:04.771Z  warn: Server is now running at http://localhost:3300.
2019-12-10T14:37:15.939Z  info: Setting log level to ( debug )
2019-12-10T14:37:15.942Z  info: NODE_ENV is development
2019-12-10T14:37:15.945Z  warn: Server is now running at http://localhost:3300.
2019-12-10T14:38:05.825Z  info: Setting log level to ( debug )
2019-12-10T14:38:05.827Z  info: NODE_ENV is development
2019-12-10T14:38:05.830Z  warn: Server is now running at http://localhost:3300.
2019-12-10T14:38:08.233Z  info: GET /api/login?req_timestamp=1575988688174 505 5.203 ms - -

2019-12-10T14:38:46.134Z  info: POST /api/login 200 59.333 ms - 109

2019-12-10T14:39:02.386Z  info: PUT /api/user/undefined 500 3.085 ms - -

2019-12-10T14:39:33.226Z  info: Setting log level to ( debug )
2019-12-10T14:39:33.229Z  info: NODE_ENV is development
2019-12-10T14:39:33.231Z  warn: Server is now running at http://localhost:3300.
2019-12-10T14:39:39.352Z  info: POST /api/login 200 59.540 ms - 109

2019-12-10T14:39:52.283Z  info: PUT /api/user/undefined 200 1.323 ms - 11

2019-12-10T14:41:34.038Z  info: GET /api/login?req_timestamp=1575988893980 200 2.788 ms - 166

2019-12-10T14:41:42.850Z  info: GET /api/login?req_timestamp=1575988902762 200 0.831 ms - 166

2019-12-10T14:41:55.074Z  info: PUT /api/user/undefined 200 3.212 ms - 11

2019-12-10T14:42:20.140Z  info: GET /api/login?req_timestamp=1575988940062 200 0.660 ms - 166

2019-12-10T14:42:47.608Z  info: PUT /api/user/undefined 200 0.692 ms - 11

2019-12-10T14:43:18.339Z  info: GET /api/login?req_timestamp=1575988998280 200 0.414 ms - 166

2019-12-10T14:43:29.497Z  info: PUT /api/user/1 200 0.385 ms - 11

2019-12-10T14:47:07.566Z  info: Setting log level to ( debug )
2019-12-10T14:47:07.569Z  info: NODE_ENV is development
2019-12-10T14:47:07.571Z  warn: Server is now running at http://localhost:3300.
2019-12-10T14:47:24.596Z  info: Setting log level to ( debug )
2019-12-10T14:47:24.598Z  info: NODE_ENV is development
2019-12-10T14:47:24.602Z  warn: Server is now running at http://localhost:3300.
2019-12-10T14:47:45.127Z  info: GET /api/login?req_timestamp=1575989265047 505 7.729 ms - -

2019-12-10T14:47:52.634Z  info: POST /api/login 200 60.485 ms - 109

2019-12-10T14:48:03.658Z  info: PUT /api/user/undefined 500 35.267 ms - -

2019-12-10T14:49:30.348Z  info: Setting log level to ( debug )
2019-12-10T14:49:30.351Z  info: NODE_ENV is development
2019-12-10T14:49:30.363Z  warn: Server is now running at http://localhost:3300.
2019-12-10T14:49:42.428Z  info: Setting log level to ( debug )
2019-12-10T14:49:42.430Z  info: NODE_ENV is development
2019-12-10T14:49:42.432Z  warn: Server is now running at http://localhost:3300.
2019-12-10T14:49:49.268Z  info: POST /api/login 200 59.737 ms - 109

2019-12-10T14:51:03.207Z  info: Setting log level to ( debug )
2019-12-10T14:51:03.209Z  info: NODE_ENV is development
2019-12-10T14:51:03.212Z  warn: Server is now running at http://localhost:3300.
2019-12-10T14:51:10.647Z  info: POST /api/login 200 58.063 ms - 109

2019-12-10T14:52:41.314Z  info: Setting log level to ( debug )
2019-12-10T14:52:41.316Z  info: NODE_ENV is development
2019-12-10T14:52:41.319Z  warn: Server is now running at http://localhost:3300.
2019-12-10T14:52:49.226Z  info: POST /api/login 200 60.358 ms - 109

2019-12-10T14:53:16.123Z  info: Setting log level to ( debug )
2019-12-10T14:53:16.125Z  info: NODE_ENV is development
2019-12-10T14:53:16.128Z  warn: Server is now running at http://localhost:3300.
2019-12-10T14:53:27.056Z  info: Setting log level to ( debug )
2019-12-10T14:53:27.058Z  info: NODE_ENV is development
2019-12-10T14:53:27.060Z  warn: Server is now running at http://localhost:3300.
2019-12-10T14:53:34.315Z  info: POST /api/login 200 58.662 ms - 109

2019-12-10T14:54:33.134Z  info: Setting log level to ( debug )
2019-12-10T14:54:33.136Z  info: NODE_ENV is development
2019-12-10T14:54:33.139Z  warn: Server is now running at http://localhost:3300.
2019-12-10T14:55:22.308Z  info: POST /api/login 200 62.860 ms - 109

2019-12-10T14:56:30.206Z  info: Setting log level to ( debug )
2019-12-10T14:56:30.208Z  info: NODE_ENV is development
2019-12-10T14:56:30.211Z  warn: Server is now running at http://localhost:3300.
2019-12-10T14:56:36.412Z  info: POST /api/login 200 60.127 ms - 116

2019-12-10T14:58:17.918Z  info: Setting log level to ( debug )
2019-12-10T14:58:17.920Z  info: NODE_ENV is development
2019-12-10T14:58:17.923Z  warn: Server is now running at http://localhost:3300.
2019-12-10T14:58:28.840Z  info: POST /api/login 200 64.962 ms - 116

2019-12-10T14:58:37.931Z  info: PUT /api/user/1 200 19.751 ms - 191

2019-12-10T14:58:47.215Z  info: GET /api/login?req_timestamp=1575989927164 200 0.780 ms - 166

2019-12-10T14:59:25.493Z  info: Setting log level to ( debug )
2019-12-10T14:59:25.495Z  info: NODE_ENV is development
2019-12-10T14:59:25.497Z  warn: Server is now running at http://localhost:3300.
2019-12-10T14:59:27.715Z  info: GET /api/login?req_timestamp=1575989967620 505 8.239 ms - -

2019-12-10T14:59:33.080Z  info: POST /api/login 200 57.501 ms - 116

2019-12-10T14:59:42.476Z  info: PUT /api/user/1 200 2.873 ms - 142

